<?xml version="1.0" encoding="utf-8"?><testsuites><testsuite name="pytest" errors="0" failures="2" skipped="1" tests="3" time="0.216" timestamp="2024-03-15T13:34:31.470935" hostname="legion"><testcase classname="rtabrs.test.test_copyright" name="test_copyright" time="0.000"><skipped type="pytest.skip" message="No copyright header has been placed in the generated source file.">/home/dany/Desktop/rtabmap_ws/src/rtabrs/test/test_copyright.py:20: No copyright header has been placed in the generated source file.</skipped></testcase><testcase classname="rtabrs.test.test_flake8" name="test_flake8" time="0.071"><failure message="AssertionError: Found 4 code style errors / warnings:&#10;  ./setup.py:16:100: E501 line too long (108 &gt; 99 characters)&#10;  ./launch/launch2.py:4:91: E999 SyntaxError: invalid syntax&#10;  ./launch/launch.py:4:1: E302 expected 2 blank lines, found 1&#10;  ./launch/launch.py:22:85: W291 trailing whitespace&#10;assert 1 == 0">test/test_flake8.py:23: in test_flake8
    assert rc == 0, \
E   AssertionError: Found 4 code style errors / warnings:
E     ./setup.py:16:100: E501 line too long (108 &gt; 99 characters)
E     ./launch/launch2.py:4:91: E999 SyntaxError: invalid syntax
E     ./launch/launch.py:4:1: E302 expected 2 blank lines, found 1
E     ./launch/launch.py:22:85: W291 trailing whitespace
E   assert 1 == 0</failure></testcase><testcase classname="rtabrs.test.test_pep257" name="test_pep257" time="0.031"><failure message="AssertionError: Found code style errors / warnings&#10;assert 1 == 0">test/test_pep257.py:23: in test_pep257
    assert rc == 0, 'Found code style errors / warnings'
E   AssertionError: Found code style errors / warnings
E   assert 1 == 0</failure></testcase></testsuite></testsuites>